<?xml version="1.0" encoding="UTF-8"?>
<testsuite name="com.alluet.hackerrank.algorithms.DayOfTheProgrammer2" tests="3" skipped="0" failures="0" errors="0" timestamp="2022-03-31T20:55:27" hostname="ALLUET-HP" time="0.02">
  <properties/>
  <testcase name="currentDay()" classname="com.alluet.hackerrank.algorithms.DayOfTheProgrammer2" time="0.018"/>
  <testcase name="currentDay2()" classname="com.alluet.hackerrank.algorithms.DayOfTheProgrammer2" time="0.0"/>
  <testcase name="currentDay3()" classname="com.alluet.hackerrank.algorithms.DayOfTheProgrammer2" time="0.0"/>
  <system-out><![CDATA[]]></system-out>
  <system-err><![CDATA[]]></system-err>
</testsuite>
