<?xml version="1.0" encoding="UTF-8"?>
<testsuite name="com.alluet.exercices.v1.RiceBags" tests="4" skipped="0" failures="0" errors="0" timestamp="2022-05-25T20:00:36" hostname="ALLUET-HP" time="0.022">
  <properties/>
  <testcase name="bagsTest()" classname="com.alluet.exercices.v1.RiceBags" time="0.019"/>
  <testcase name="bagsTest2()" classname="com.alluet.exercices.v1.RiceBags" time="0.001"/>
  <testcase name="bagsTest3()" classname="com.alluet.exercices.v1.RiceBags" time="0.0"/>
  <testcase name="bagsTest4()" classname="com.alluet.exercices.v1.RiceBags" time="0.0"/>
  <system-out><![CDATA[Big rice bags: 6
Small rice bags: 0
Big rice bags: 6
Small rice bags: 4
Big rice bags: 1
Small rice bags: 13
]]></system-out>
  <system-err><![CDATA[]]></system-err>
</testsuite>
