<?xml version="1.0" encoding="UTF-8"?>
<testsuite name="com.alluet.hackerrank.algorithms.AppleAndOrange" tests="1" skipped="0" failures="0" errors="0" timestamp="2022-03-17T19:44:55" hostname="ALLUET-HP" time="0.016">
  <properties/>
  <testcase name="fruit2()" classname="com.alluet.hackerrank.algorithms.AppleAndOrange" time="0.016"/>
  <system-out><![CDATA[Apples[3, 7, 6]
1
Oranges[20, 9]
1
]]></system-out>
  <system-err><![CDATA[]]></system-err>
</testsuite>
