<?xml version="1.0" encoding="UTF-8"?>
<testsuite name="com.alluet.hackerrank.algorithms.easy.SalesByMatchSet" tests="4" skipped="0" failures="0" errors="0" timestamp="2022-05-16T19:48:08" hostname="ALLUET-HP" time="0.018">
  <properties/>
  <testcase name="testInput()" classname="com.alluet.hackerrank.algorithms.easy.SalesByMatchSet" time="0.015"/>
  <testcase name="testInput2()" classname="com.alluet.hackerrank.algorithms.easy.SalesByMatchSet" time="0.0"/>
  <testcase name="testInput3()" classname="com.alluet.hackerrank.algorithms.easy.SalesByMatchSet" time="0.0"/>
  <testcase name="testNoInput()" classname="com.alluet.hackerrank.algorithms.easy.SalesByMatchSet" time="0.0"/>
  <system-out><![CDATA[]]></system-out>
  <system-err><![CDATA[]]></system-err>
</testsuite>
