<?xml version="1.0" encoding="UTF-8"?>
<testsuite name="com.alluet.hackerrank.algorithms.easy.MigratoryBirds" tests="4" skipped="0" failures="0" errors="0" timestamp="2022-05-15T23:18:50" hostname="ALLUET-HP" time="0.052">
  <properties/>
  <testcase name="testInput()" classname="com.alluet.hackerrank.algorithms.easy.MigratoryBirds" time="0.042"/>
  <testcase name="testInput2()" classname="com.alluet.hackerrank.algorithms.easy.MigratoryBirds" time="0.003"/>
  <testcase name="testInput3()" classname="com.alluet.hackerrank.algorithms.easy.MigratoryBirds" time="0.002"/>
  <testcase name="testInput4()" classname="com.alluet.hackerrank.algorithms.easy.MigratoryBirds" time="0.002"/>
  <system-out><![CDATA[Bird Id = 1, Times spotted = 2
Bird Id = 2, Times spotted = 2
Bird Id = 3, Times spotted = 1
Bird Id = 1, Times spotted = 1
Bird Id = 3, Times spotted = 1
Bird Id = 4, Times spotted = 3
Bird Id = 5, Times spotted = 1
Bird Id = 1, Times spotted = 2
Bird Id = 2, Times spotted = 2
Bird Id = 3, Times spotted = 3
Bird Id = 4, Times spotted = 3
Bird Id = 5, Times spotted = 1
Bird Id = 1, Times spotted = 2
Bird Id = 2, Times spotted = 2
Bird Id = 3, Times spotted = 1
]]></system-out>
  <system-err><![CDATA[]]></system-err>
</testsuite>
