<?xml version="1.0" encoding="UTF-8"?>
<testsuite name="com.alluet.hackerrank.algorithms.easy2.DesignerPDFViewer" tests="2" skipped="0" failures="0" errors="0" timestamp="2022-05-22T21:39:06" hostname="ALLUET-HP" time="0.02">
  <properties/>
  <testcase name="testViewer2()" classname="com.alluet.hackerrank.algorithms.easy2.DesignerPDFViewer" time="0.018"/>
  <testcase name="testViewer()" classname="com.alluet.hackerrank.algorithms.easy2.DesignerPDFViewer" time="0.001"/>
  <system-out><![CDATA[7
4
[1, 1, 3, 7]
3
3
[1, 1, 3]
]]></system-out>
  <system-err><![CDATA[]]></system-err>
</testsuite>
