<?xml version="1.0" encoding="UTF-8"?>
<testsuite name="com.alluet.hackerrank.algorithms.SubarrayDivision" tests="4" skipped="0" failures="0" errors="0" timestamp="2022-04-18T20:32:38" hostname="ALLUET-HP" time="0.019">
  <properties/>
  <testcase name="birthdayTest()" classname="com.alluet.hackerrank.algorithms.SubarrayDivision" time="0.016"/>
  <testcase name="birthdayTest2()" classname="com.alluet.hackerrank.algorithms.SubarrayDivision" time="0.001"/>
  <testcase name="birthdayTest3()" classname="com.alluet.hackerrank.algorithms.SubarrayDivision" time="0.001"/>
  <testcase name="birthdayTest4()" classname="com.alluet.hackerrank.algorithms.SubarrayDivision" time="0.001"/>
  <system-out><![CDATA[]]></system-out>
  <system-err><![CDATA[]]></system-err>
</testsuite>
