<?xml version="1.0" encoding="UTF-8"?>
<testsuite name="com.alluet.hackerrank.algorithms.GradingStudents" tests="2" skipped="0" failures="0" errors="0" timestamp="2022-03-28T22:43:41" hostname="ALLUET-HP" time="0.03">
  <properties/>
  <testcase name="list1()" classname="com.alluet.hackerrank.algorithms.GradingStudents" time="0.028"/>
  <testcase name="list2()" classname="com.alluet.hackerrank.algorithms.GradingStudents" time="0.001"/>
  <system-out><![CDATA[]]></system-out>
  <system-err><![CDATA[]]></system-err>
</testsuite>
