<?xml version="1.0" encoding="UTF-8"?>
<testsuite name="com.alluet.exercices.v1.FibonacciSeries" tests="3" skipped="0" failures="0" errors="0" timestamp="2022-05-25T18:41:02" hostname="ALLUET-HP" time="0.018">
  <properties/>
  <testcase name="fibonacciTest2()" classname="com.alluet.exercices.v1.FibonacciSeries" time="0.016"/>
  <testcase name="fibonacciTest3()" classname="com.alluet.exercices.v1.FibonacciSeries" time="0.0"/>
  <testcase name="fibonacciTest()" classname="com.alluet.exercices.v1.FibonacciSeries" time="0.0"/>
  <system-out><![CDATA[]]></system-out>
  <system-err><![CDATA[]]></system-err>
</testsuite>
