<?xml version="1.0" encoding="UTF-8"?>
<testsuite name="com.alluet.hackerrank.algorithms.easy3.ElectronicsShop" tests="3" skipped="0" failures="0" errors="0" timestamp="2022-05-22T23:34:40" hostname="ALLUET-HP" time="0.022">
  <properties/>
  <testcase name="shopTest2()" classname="com.alluet.hackerrank.algorithms.easy3.ElectronicsShop" time="0.019"/>
  <testcase name="shopTest3()" classname="com.alluet.hackerrank.algorithms.easy3.ElectronicsShop" time="0.001"/>
  <testcase name="shopTest()" classname="com.alluet.hackerrank.algorithms.easy3.ElectronicsShop" time="0.001"/>
  <system-out><![CDATA[[3, 6, 9, 5, 8, 11]
9
[9]
-1
[45, 48, 52, 55, 58, 62, 65, 68, 72]
58
]]></system-out>
  <system-err><![CDATA[]]></system-err>
</testsuite>
