<?xml version="1.0" encoding="UTF-8"?>
<testsuite name="com.alluet.exercices.v1.CompareStringsV2" tests="4" skipped="0" failures="0" errors="0" timestamp="2022-04-13T20:51:44" hostname="ALLUET-HP" time="0.048">
  <properties/>
  <testcase name="testComparison()" classname="com.alluet.exercices.v1.CompareStringsV2" time="0.042"/>
  <testcase name="testComparison2()" classname="com.alluet.exercices.v1.CompareStringsV2" time="0.002"/>
  <testcase name="testComparison3()" classname="com.alluet.exercices.v1.CompareStringsV2" time="0.001"/>
  <testcase name="testComparison4()" classname="com.alluet.exercices.v1.CompareStringsV2" time="0.001"/>
  <system-out><![CDATA[{a=1, b=2}
a
b
b
{a=1, b=1, c=1, d=1, e=1, f=1, g=1}
a
b
c
d
e
f
s
{a=2, b=1}
a
b
b
{a=2, b=1}
a
b
b
]]></system-out>
  <system-err><![CDATA[]]></system-err>
</testsuite>
